<?xml version="1.0" encoding="UTF-8"?>
<!-- Generated by org.testng.reporters.JUnitXMLReporter -->
<testsuite hostname="DESKTOP-NI32QNA" ignored="1" tests="1" failures="1" timestamp="2020-08-11T15:58:38 EEST" time="31.434" errors="0">
  <testcase name="smallDemo" time="8.353" classname="SearchTests">
    <failure type="java.lang.AssertionError" message="expected [true] but found [false]">
      <![CDATA[java.lang.AssertionError: expected [true] but found [false]
at SearchTests.smallDemo(SearchTests.java:29)
at org.springframework.test.context.testng.AbstractTestNGSpringContextTests.run(AbstractTestNGSpringContextTests.java:181)
at java.util.ArrayList.forEach(ArrayList.java:1259)
... Removed 37 stack frames]]>
    </failure>
  </testcase> <!-- smallDemo -->
  <testcase name="@AfterSuite closeBrowser" time="0.0" classname="BaseTest">
    <ignored/>
  </testcase> <!-- @AfterSuite closeBrowser -->
</testsuite>
