<?xml version="1.0" encoding="UTF-8"?>
<testsuite xmlns:xsi="http://www.w3.org/2001/XMLSchema-instance" xsi:noNamespaceSchemaLocation="https://maven.apache.org/surefire/maven-surefire-plugin/xsd/surefire-test-report.xsd" name="TestSuite" time="32.951" tests="2" errors="0" skipped="0" failures="2">
  <properties>
[...]
</properties>
  <testcase name="smallDemo" classname="SearchTests" time="8.822">
    <failure message="expected [true] but found [false]" type="java.lang.AssertionError">java.lang.AssertionError: expected [true] but found [false]
	at SearchTests.smallDemo(SearchTests.java:29)
</failure>
    <system-out><![CDATA[start
start
]]></system-out>
    <system-err><![CDATA[SLF4J: Failed to load class "org.slf4j.impl.StaticLoggerBinder".
SLF4J: Defaulting to no-operation (NOP) logger implementation
SLF4J: See http://www.slf4j.org/codes.html#StaticLoggerBinder for further details.
Aug 11, 2020 3:58:19 PM io.appium.java_client.remote.AppiumCommandExecutor$1 lambda$0
INFO: Detected dialect: W3C
]]></system-err>
  </testcase>
  <testcase name="closeBrowser" classname="BaseTest" time="8.857">
    <failure type="java.lang.NullPointerException">java.lang.NullPointerException
	at BaseTest.closeBrowser(BaseTest.java:37)
</failure>
    <system-out><![CDATA[finish
]]></system-out>
  </testcase>
</testsuite>